app/build/intermediates/manifest_merge_blame_file/debug/processDebugMainManifest/manifest-merger-blame-debug-report.txt
1<?xml version="1.0" encoding="utf-8"?>
2<manifest xmlns:android="http://schemas.android.com/apk/res/android"
3    package="ru.servertronix.i2pmessenger"
4    android:versionCode="1"
5    android:versionName="1.0" >
6
7    <uses-sdk
8        android:minSdkVersion="24"
9        android:targetSdkVersion="34" />
10
11    <uses-permission android:name="android.permission.INTERNET" />
11-->src/main/AndroidManifest.xml:5:5-67
11-->src/main/AndroidManifest.xml:5:22-64
12    <uses-permission android:name="android.permission.FOREGROUND_SERVICE" />
12-->src/main/AndroidManifest.xml:6:5-77
12-->src/main/AndroidManifest.xml:6:22-74
13    <uses-permission android:name="android.permission.FOREGROUND_SERVICE_DATA_SYNC" />
13-->src/main/AndroidManifest.xml:7:5-87
13-->src/main/AndroidManifest.xml:7:22-84
14    <uses-permission android:name="android.permission.POST_NOTIFICATIONS" />
14-->src/main/AndroidManifest.xml:8:5-77
14-->src/main/AndroidManifest.xml:8:22-74
15    <uses-permission android:name="android.permission.GET_PACKAGE_SIZE" />
15-->[logger-runtime.aar] AndroidManifest.xml:7:5-75
15-->[logger-runtime.aar] AndroidManifest.xml:7:22-72
16    <uses-permission android:name="android.permission.QUERY_ALL_PACKAGES" />
16-->[logger-runtime.aar] AndroidManifest.xml:8:5-77
16-->[logger-runtime.aar] AndroidManifest.xml:8:22-74
17
18    <queries>
18-->[logger-runtime.aar] AndroidManifest.xml:10:5-12:15
19        <package android:name="io.github.mohammedbaqernull.logger" />
19-->[logger-runtime.aar] AndroidManifest.xml:11:9-70
19-->[logger-runtime.aar] AndroidManifest.xml:11:18-67
20    </queries>
21
22    <permission
22-->[androidx.core:core:1.13.1] AndroidManifest.xml:22:5-24:47
23        android:name="ru.servertronix.i2pmessenger.DYNAMIC_RECEIVER_NOT_EXPORTED_PERMISSION"
23-->[androidx.core:core:1.13.1] AndroidManifest.xml:23:9-81
24        android:protectionLevel="signature" />
24-->[androidx.core:core:1.13.1] AndroidManifest.xml:24:9-44
25
26    <uses-permission android:name="ru.servertronix.i2pmessenger.DYNAMIC_RECEIVER_NOT_EXPORTED_PERMISSION" />
26-->[androidx.core:core:1.13.1] AndroidManifest.xml:26:5-97
26-->[androidx.core:core:1.13.1] AndroidManifest.xml:26:22-94
27
28    <application
28-->src/main/AndroidManifest.xml:10:5-43:19
29        android:name="ru.servertronix.i2pmessenger.App"
29-->src/main/AndroidManifest.xml:11:9-28
30        android:allowBackup="true"
30-->src/main/AndroidManifest.xml:12:9-35
31        android:appComponentFactory="androidx.core.app.CoreComponentFactory"
31-->[androidx.core:core:1.13.1] AndroidManifest.xml:28:18-86
32        android:debuggable="true"
33        android:extractNativeLibs="false"
34        android:icon="@drawable/ic_my_icon"
34-->src/main/AndroidManifest.xml:13:9-44
35        android:label="@string/app_name"
35-->src/main/AndroidManifest.xml:14:9-41
36        android:roundIcon="@drawable/ic_my_icon"
36-->src/main/AndroidManifest.xml:15:9-49
37        android:supportsRtl="true"
37-->src/main/AndroidManifest.xml:16:9-35
38        android:theme="@style/Theme.I2PMessenger" >
38-->src/main/AndroidManifest.xml:17:9-50
39        <service
39-->src/main/AndroidManifest.xml:20:9-24:56
40            android:name="ru.servertronix.i2pmessenger.I2PService"
40-->src/main/AndroidManifest.xml:21:13-39
41            android:enabled="true"
41-->src/main/AndroidManifest.xml:22:13-35
42            android:exported="false"
42-->src/main/AndroidManifest.xml:23:13-37
43            android:foregroundServiceType="dataSync" />
43-->src/main/AndroidManifest.xml:24:13-53
44
45        <activity
45-->src/main/AndroidManifest.xml:26:9-33:20
46            android:name="ru.servertronix.i2pmessenger.MainActivity"
46-->src/main/AndroidManifest.xml:27:13-41
47            android:exported="true" >
47-->src/main/AndroidManifest.xml:28:13-36
48            <intent-filter>
48-->src/main/AndroidManifest.xml:29:13-32:29
49                <action android:name="android.intent.action.MAIN" />
49-->src/main/AndroidManifest.xml:30:17-69
49-->src/main/AndroidManifest.xml:30:25-66
50
51                <category android:name="android.intent.category.LAUNCHER" />
51-->src/main/AndroidManifest.xml:31:17-77
51-->src/main/AndroidManifest.xml:31:27-74
52            </intent-filter>
53        </activity>
54        <activity
54-->src/main/AndroidManifest.xml:35:9-37:58
55            android:name="ru.servertronix.i2pmessenger.ProfileActivity"
55-->src/main/AndroidManifest.xml:36:13-44
56            android:parentActivityName="ru.servertronix.i2pmessenger.MainActivity" />
56-->src/main/AndroidManifest.xml:37:13-55
57        <activity
57-->src/main/AndroidManifest.xml:39:9-41:58
58            android:name="ru.servertronix.i2pmessenger.ChatActivity"
58-->src/main/AndroidManifest.xml:40:13-41
59            android:parentActivityName="ru.servertronix.i2pmessenger.MainActivity" />
59-->src/main/AndroidManifest.xml:41:13-55
60
61        <provider
61-->[logger-runtime.aar] AndroidManifest.xml:15:9-18:39
62            android:name="io.github.mohammedbaqernull.logger.logwire.LogWireInitializer"
62-->[logger-runtime.aar] AndroidManifest.xml:16:13-89
63            android:authorities="ru.servertronix.i2pmessenger.logwire.initializer"
63-->[logger-runtime.aar] AndroidManifest.xml:17:13-71
64            android:exported="true" />
64-->[logger-runtime.aar] AndroidManifest.xml:18:13-36
65        <provider
65-->[androidx.emoji2:emoji2:1.3.0] AndroidManifest.xml:24:9-32:20
66            android:name="androidx.startup.InitializationProvider"
66-->[androidx.emoji2:emoji2:1.3.0] AndroidManifest.xml:25:13-67
67            android:authorities="ru.servertronix.i2pmessenger.androidx-startup"
67-->[androidx.emoji2:emoji2:1.3.0] AndroidManifest.xml:26:13-68
68            android:exported="false" >
68-->[androidx.emoji2:emoji2:1.3.0] AndroidManifest.xml:27:13-37
69            <meta-data
69-->[androidx.emoji2:emoji2:1.3.0] AndroidManifest.xml:29:13-31:52
70                android:name="androidx.emoji2.text.EmojiCompatInitializer"
70-->[androidx.emoji2:emoji2:1.3.0] AndroidManifest.xml:30:17-75
71                android:value="androidx.startup" />
71-->[androidx.emoji2:emoji2:1.3.0] AndroidManifest.xml:31:17-49
72            <meta-data
72-->[androidx.lifecycle:lifecycle-process:2.6.2] AndroidManifest.xml:29:13-31:52
73                android:name="androidx.lifecycle.ProcessLifecycleInitializer"
73-->[androidx.lifecycle:lifecycle-process:2.6.2] AndroidManifest.xml:30:17-78
74                android:value="androidx.startup" />
74-->[androidx.lifecycle:lifecycle-process:2.6.2] AndroidManifest.xml:31:17-49
75            <meta-data
75-->[androidx.profileinstaller:profileinstaller:1.3.1] AndroidManifest.xml:29:13-31:52
76                android:name="androidx.profileinstaller.ProfileInstallerInitializer"
76-->[androidx.profileinstaller:profileinstaller:1.3.1] AndroidManifest.xml:30:17-85
77                android:value="androidx.startup" />
77-->[androidx.profileinstaller:profileinstaller:1.3.1] AndroidManifest.xml:31:17-49
78        </provider>
79
80        <uses-library
80-->[androidx.window:window:1.0.0] AndroidManifest.xml:25:9-27:40
81            android:name="androidx.window.extensions"
81-->[androidx.window:window:1.0.0] AndroidManifest.xml:26:13-54
82            android:required="false" />
82-->[androidx.window:window:1.0.0] AndroidManifest.xml:27:13-37
83        <uses-library
83-->[androidx.window:window:1.0.0] AndroidManifest.xml:28:9-30:40
84            android:name="androidx.window.sidecar"
84-->[androidx.window:window:1.0.0] AndroidManifest.xml:29:13-51
85            android:required="false" />
85-->[androidx.window:window:1.0.0] AndroidManifest.xml:30:13-37
86
87        <service
87-->[androidx.room:room-runtime:2.6.1] AndroidManifest.xml:24:9-28:63
88            android:name="androidx.room.MultiInstanceInvalidationService"
88-->[androidx.room:room-runtime:2.6.1] AndroidManifest.xml:25:13-74
89            android:directBootAware="true"
89-->[androidx.room:room-runtime:2.6.1] AndroidManifest.xml:26:13-43
90            android:exported="false" />
90-->[androidx.room:room-runtime:2.6.1] AndroidManifest.xml:27:13-37
91
92        <receiver
92-->[androidx.profileinstaller:profileinstaller:1.3.1] AndroidManifest.xml:34:9-52:20
93            android:name="androidx.profileinstaller.ProfileInstallReceiver"
93-->[androidx.profileinstaller:profileinstaller:1.3.1] AndroidManifest.xml:35:13-76
94            android:directBootAware="false"
94-->[androidx.profileinstaller:profileinstaller:1.3.1] AndroidManifest.xml:36:13-44
95            android:enabled="true"
95-->[androidx.profileinstaller:profileinstaller:1.3.1] AndroidManifest.xml:37:13-35
96            android:exported="true"
96-->[androidx.profileinstaller:profileinstaller:1.3.1] AndroidManifest.xml:38:13-36
97            android:permission="android.permission.DUMP" >
97-->[androidx.profileinstaller:profileinstaller:1.3.1] AndroidManifest.xml:39:13-57
98            <intent-filter>
98-->[androidx.profileinstaller:profileinstaller:1.3.1] AndroidManifest.xml:40:13-42:29
99                <action android:name="androidx.profileinstaller.action.INSTALL_PROFILE" />
99-->[androidx.profileinstaller:profileinstaller:1.3.1] AndroidManifest.xml:41:17-91
99-->[androidx.profileinstaller:profileinstaller:1.3.1] AndroidManifest.xml:41:25-88
100            </intent-filter>
101            <intent-filter>
101-->[androidx.profileinstaller:profileinstaller:1.3.1] AndroidManifest.xml:43:13-45:29
102                <action android:name="androidx.profileinstaller.action.SKIP_FILE" />
102-->[androidx.profileinstaller:profileinstaller:1.3.1] AndroidManifest.xml:44:17-85
102-->[androidx.profileinstaller:profileinstaller:1.3.1] AndroidManifest.xml:44:25-82
103            </intent-filter>
104            <intent-filter>
104-->[androidx.profileinstaller:profileinstaller:1.3.1] AndroidManifest.xml:46:13-48:29
105                <action android:name="androidx.profileinstaller.action.SAVE_PROFILE" />
105-->[androidx.profileinstaller:profileinstaller:1.3.1] AndroidManifest.xml:47:17-88
105-->[androidx.profileinstaller:profileinstaller:1.3.1] AndroidManifest.xml:47:25-85
106            </intent-filter>
107            <intent-filter>
107-->[androidx.profileinstaller:profileinstaller:1.3.1] AndroidManifest.xml:49:13-51:29
108                <action android:name="androidx.profileinstaller.action.BENCHMARK_OPERATION" />
108-->[androidx.profileinstaller:profileinstaller:1.3.1] AndroidManifest.xml:50:17-95
108-->[androidx.profileinstaller:profileinstaller:1.3.1] AndroidManifest.xml:50:25-92
109            </intent-filter>
110        </receiver>
111    </application>
112
113</manifest>